Build started 28/11/2016 12:05:40.
     1>Project "C:\Users\lucas\Desktop\git\Projeto-ED2\Projeto ED2.vcxproj" on node 2 (Build target(s)).
     1>ClCompile:
         C:\Program Files (x86)\Microsoft Visual Studio 11.0\VC\bin\CL.exe /c /ZI /nologo /W3 /WX- /Od /Oy- /D WIN32 /D _DEBUG /D _CONSOLE /D _UNICODE /D UNICODE /Gm /EHsc /RTC1 /MDd /GS /fp:precise /Zc:wchar_t /Zc:forScope /Fo"Debug\\" /Fd"Debug\vc110.pdb" /Gd /TC /analyze- /errorReport:prompt ListaCircularSimples.c
         ListaCircularSimples.c
     1>c:\users\lucas\desktop\git\projeto-ed2\listacircularsimples.c(26): warning C4996: 'getch': The POSIX name for this item is deprecated. Instead, use the ISO C++ conformant name: _getch. See online help for details.
                 c:\program files (x86)\microsoft visual studio 11.0\vc\include\conio.h(131) : see declaration of 'getch'
     1>c:\users\lucas\desktop\git\projeto-ed2\listacircularsimples.c(31): warning C4996: 'getch': The POSIX name for this item is deprecated. Instead, use the ISO C++ conformant name: _getch. See online help for details.
                 c:\program files (x86)\microsoft visual studio 11.0\vc\include\conio.h(131) : see declaration of 'getch'
     1>c:\users\lucas\desktop\git\projeto-ed2\listacircularsimples.c(35): warning C4996: 'scanf': This function or variable may be unsafe. Consider using scanf_s instead. To disable deprecation, use _CRT_SECURE_NO_WARNINGS. See online help for details.
                 c:\program files (x86)\microsoft visual studio 11.0\vc\include\stdio.h(290) : see declaration of 'scanf'
     1>c:\users\lucas\desktop\git\projeto-ed2\listacircularsimples.c(12): warning C4101: 't' : unreferenced local variable
     1>c:\users\lucas\desktop\git\projeto-ed2\listacircularsimples.c(57): warning C4996: 'scanf': This function or variable may be unsafe. Consider using scanf_s instead. To disable deprecation, use _CRT_SECURE_NO_WARNINGS. See online help for details.
                 c:\program files (x86)\microsoft visual studio 11.0\vc\include\stdio.h(290) : see declaration of 'scanf'
       Link:
         C:\Program Files (x86)\Microsoft Visual Studio 11.0\VC\bin\link.exe /ERRORREPORT:PROMPT /OUT:"C:\Users\lucas\Desktop\git\Projeto-ED2\Debug\Projeto ED2.exe" /INCREMENTAL /NOLOGO kernel32.lib user32.lib gdi32.lib winspool.lib comdlg32.lib advapi32.lib shell32.lib ole32.lib oleaut32.lib uuid.lib odbc32.lib odbccp32.lib /MANIFEST /MANIFESTUAC:"level='asInvoker' uiAccess='false'" /manifest:embed /DEBUG /PDB:"C:\Users\lucas\Desktop\git\Projeto-ED2\Debug\Projeto ED2.pdb" /SUBSYSTEM:CONSOLE /TLBID:1 /DYNAMICBASE /NXCOMPAT /IMPLIB:"C:\Users\lucas\Desktop\git\Projeto-ED2\Debug\Projeto ED2.lib" /MACHINE:X86 Debug\ArvoreAVL.obj
         Debug\ArvoreBin.obj
         Debug\ArvoreRedBlack.obj
         Debug\BubbleSort.obj
         Debug\Comum.obj
         Debug\HashAlfa.obj
         Debug\HashInt.obj
         Debug\HeapSort.obj
         Debug\ListaCircularDupla.obj
         Debug\ListaCircularSimples.obj
         Debug\ListaDupla.obj
         Debug\ListaSimples.obj
         Debug\Main.obj
         Debug\MergeSort.obj
         Debug\QuickSort.obj
         Projeto ED2.vcxproj -> C:\Users\lucas\Desktop\git\Projeto-ED2\Debug\Projeto ED2.exe
     1>Done Building Project "C:\Users\lucas\Desktop\git\Projeto-ED2\Projeto ED2.vcxproj" (Build target(s)).

Build succeeded.

Time Elapsed 00:00:00.70
